<?xml version="1.0" encoding="UTF-8"?>
<!-- Generated by org.testng.reporters.JUnitReportReporter -->
<testsuite hostname="DESKTOP-37D2O36" failures="0" tests="1" name="Demo.Task1_Test" time="15.796" errors="0" timestamp="2025-05-05T12:11:20 IST" skipped="0">
  <testcase classname="Demo.Task1_Test" name="demoTask1" time="15.796"/>
  <system-out>
    <![CDATA[Swag Labs
Demo Task 1 Executed]]>
  </system-out>
</testsuite> <!-- Demo.Task1_Test -->
