<?xml version="1.0" encoding="UTF-8"?>
<!-- Generated by org.testng.reporters.JUnitReportReporter -->
<testsuite hostname="DESKTOP-37D2O36" failures="0" tests="1" name="dummy_package.DummyTest" time="0.014" errors="0" timestamp="2025-05-07T12:53:34 IST" skipped="0">
  <testcase classname="dummy_package.DummyTest" name="addDummy" time="0.014">
    <system-out>
      <![CDATA[Dummy Test is executed]]>
    </system-out>
  </testcase> <!-- addDummy -->
  <system-out>
    <![CDATA[Dummy Test is executed]]>
  </system-out>
</testsuite> <!-- dummy_package.DummyTest -->
